<?xml version="1.0" encoding="UTF-8"?>
<!-- Generated by org.testng.reporters.JUnitXMLReporter -->
<testsuite hostname="Dileep" failures="0" tests="9" name="Test" time="0.147" errors="0" timestamp="10 Feb 2022 12:52:41 GMT">
  <testcase classname="selenium_core.A3" name="hello2" time="0.026"/>
  <testcase classname="selenium_core.A2" name="hello1" time="0.022"/>
  <testcase classname="selenium_core.A1" name="hello1" time="0.005"/>
  <testcase classname="selenium_advanced.B3" name="hello1" time="0.005"/>
  <testcase classname="selenium_advanced.B3" name="hello2" time="0.003"/>
  <testcase classname="selenium_advanced.B2" name="hello1" time="0.005"/>
  <testcase classname="selenium_advanced.B2" name="hello2" time="0.004"/>
  <testcase classname="selenium_advanced.B1" name="hello1" time="0.006"/>
  <testcase classname="selenium_advanced.B1" name="hello2" time="0.006"/>
</testsuite> <!-- Test -->
