<?xml version="1.0" encoding="UTF-8"?>
<testng-results total="2" passed="2" failed="0" skipped="0">
  <reporter-output>
  </reporter-output>
  <suite started-at="2022-02-10T15:11:55Z" name="Default suite" finished-at="2022-02-10T15:11:55Z" duration-ms="61">
    <groups>
    </groups>
    <test started-at="2022-02-10T15:11:55Z" name="Default test" finished-at="2022-02-10T15:11:55Z" duration-ms="61">
      <class name="selenium_core.DataProviderDemo">
        <test-method signature="login(java.lang.String, java.lang.String)[pri:0, instance:selenium_core.DataProviderDemo@66c61024]" started-at="2022-02-10T20:41:55Z" name="login" data-provider="loginDataProvider" finished-at="2022-02-10T20:41:55Z" duration-ms="21" status="PASS">
          <params>
            <param index="0">
              <value>
                <![CDATA[rameshsoft]]>
              </value>
            </param>
            <param index="1">
              <value>
                <![CDATA[job]]>
              </value>
            </param>
          </params>
          <reporter-output>
          </reporter-output>
        </test-method> <!-- login -->
        <test-method signature="login(java.lang.String, java.lang.String)[pri:0, instance:selenium_core.DataProviderDemo@66c61024]" started-at="2022-02-10T20:41:55Z" name="login" data-provider="loginDataProvider" finished-at="2022-02-10T20:41:55Z" duration-ms="3" status="PASS">
          <params>
            <param index="0">
              <value>
                <![CDATA[subject]]>
              </value>
            </param>
            <param index="1">
              <value>
                <![CDATA[salary]]>
              </value>
            </param>
          </params>
          <reporter-output>
          </reporter-output>
        </test-method> <!-- login -->
      </class> <!-- selenium_core.DataProviderDemo -->
    </test> <!-- Default test -->
  </suite> <!-- Default suite -->
</testng-results>
